mktextfm tcrm1000
mktextfm tcrm0700
mktextfm tcrm0500
mktextfm tcrm0800
mktextfm tcrm0600
mktextfm tcrm2488
mktextfm tcrm2074
mktextfm tcrm1728
mktextfm ptmr7t
mktextfm zptmcm7t
mktextfm zptmcm7t
mktextfm zptmcm7t
mktextfm zptmcm7m
mktextfm zptmcm7m
mktextfm zptmcm7m
mktextfm zptmcm7y
mktextfm zptmcm7y
mktextfm zptmcm7y
mktextfm zptmcm7v
mktextfm zptmcm7v
mktextfm zptmcm7v
mktextfm ptmb7t
mktextfm nullfont
mktextfm ptmb7t
mktextfm nullfont
mktextfm ptmb7t
mktextfm nullfont
mktextfm ptmri7t
mktextfm ptmri7t
mktextfm ptmri7t
mktextfm ptmr8c
mktextfm ptmr8c
mktextfm ptmr8c
mktextfm ptmr7t
mktextfm ptmr7t
mktextfm ptmb7t
mktextfm nullfont
mktextfm ptmr7t
mktextfm ptmb7t
mktextfm nullfont
mktextfm ptmr7t
mktextfm ptmr7t
mktextfm zptmcm7t
mktextfm zptmcm7t
mktextfm zptmcm7m
mktextfm zptmcm7m
mktextfm zptmcm7y
mktextfm zptmcm7y
mktextfm zptmcm7v
mktextfm zptmcm7v
mktextfm ptmb7t
mktextfm nullfont
mktextfm ptmb7t
mktextfm nullfont
mktextfm ptmri7t
mktextfm ptmri7t
mktextfm ptmr8c
mktextfm ptmr8c
mktextfm ptmr7t
mktextfm ptmb7t
mktextfm nullfont
mktextfm zptmcm7t
mktextfm zptmcm7t
mktextfm zptmcm7t
mktextfm zptmcm7m
mktextfm zptmcm7m
mktextfm zptmcm7m
mktextfm zptmcm7y
mktextfm zptmcm7y
mktextfm zptmcm7y
mktextfm zptmcm7v
mktextfm zptmcm7v
mktextfm zptmcm7v
mktextfm ptmb7t
mktextfm nullfont
mktextfm ptmri7t
mktextfm ptmri7t
mktextfm ptmri7t
mktextfm ptmr8c
mktextfm ptmr8c
mktextfm ptmr8c
mktextfm tcrm1000
mktextfm tcrm0700
mktextfm tcrm0500
mktextfm tcrm0800
mktextfm tcrm0600
mktextfm tcrm2488
mktextfm tcrm2074
mktextfm tcrm1728
mktextfm tcrm1000
mktextfm tcrm0700
mktextfm tcrm0500
mktextfm tcrm0800
mktextfm tcrm0600
mktextfm tcrm2488
mktextfm tcrm2074
mktextfm tcrm1728
mktextfm tcrm1000
mktextfm tcrm0700
mktextfm tcrm0500
mktextfm tcrm0800
mktextfm tcrm0600
mktextfm tcrm2488
mktextfm tcrm2074
mktextfm tcrm1728
