\BOOKMARK [0][-]{chapter*.6}{Preface}{}% 1
\BOOKMARK [0][-]{chapter*.7}{Abstract}{}% 2
\BOOKMARK [0][-]{chapter*.8}{Symbols}{}% 3
\BOOKMARK [0][-]{chapter.1}{Introduction}{}% 4
\BOOKMARK [0][-]{chapter.2}{Related Works}{}% 5
\BOOKMARK [0][-]{chapter.3}{Mobile Manipulator}{}% 6
\BOOKMARK [1][-]{section.3.1}{Ridgeback}{chapter.3}% 7
\BOOKMARK [1][-]{section.3.2}{Universal Robot 10}{chapter.3}% 8
\BOOKMARK [1][-]{section.3.3}{Gripper and Force-Torque Sensor}{chapter.3}% 9
\BOOKMARK [0][-]{chapter.4}{Admittance Control}{}% 10
\BOOKMARK [0][-]{chapter.5}{Obstacle Avoidance}{}% 11
\BOOKMARK [0][-]{chapter.6}{Results}{}% 12
\BOOKMARK [0][-]{chapter.7}{Discussion}{}% 13
\BOOKMARK [0][-]{chapter.8}{Future Work}{}% 14
\BOOKMARK [0][-]{chapter.9}{Einige wichtige Hinweise zum Arbeiten mit LaTeX }{}% 15
\BOOKMARK [1][-]{section.9.1}{Gliederungen}{chapter.9}% 16
\BOOKMARK [1][-]{section.9.2}{Referenzen und Verweise}{chapter.9}% 17
\BOOKMARK [1][-]{section.9.3}{Aufz\344hlungen}{chapter.9}% 18
\BOOKMARK [1][-]{section.9.4}{Erstellen einer Tabelle}{chapter.9}% 19
\BOOKMARK [1][-]{section.9.5}{Einbinden einer Grafik}{chapter.9}% 20
\BOOKMARK [1][-]{section.9.6}{Mathematische Formeln}{chapter.9}% 21
\BOOKMARK [1][-]{section.9.7}{Weitere n\374tzliche Befehle}{chapter.9}% 22
\BOOKMARK [0][-]{section.9.7}{Bibliography}{}% 23
\BOOKMARK [0][-]{appendix.A}{Irgendwas}{}% 24
\BOOKMARK [0][-]{appendix.B}{Datasheets}{}% 25
